Determining if the Q_WS_WIN exist failed with the following output:
Change Dir: /home/jordi/TradingLab/tlab/build/CMakeFiles/CMakeTmp

Run Build Command:/usr/bin/gmake "cmTryCompileExec382618372/fast"
/usr/bin/gmake -f CMakeFiles/cmTryCompileExec382618372.dir/build.make CMakeFiles/cmTryCompileExec382618372.dir/build
gmake[1]: Entering directory `/home/jordi/TradingLab/tlab/build/CMakeFiles/CMakeTmp'
/usr/bin/cmake -E cmake_progress_report /home/jordi/TradingLab/tlab/build/CMakeFiles/CMakeTmp/CMakeFiles 1
Building C object CMakeFiles/cmTryCompileExec382618372.dir/CheckSymbolExists.c.o
/usr/bin/cc    -o CMakeFiles/cmTryCompileExec382618372.dir/CheckSymbolExists.c.o   -c /home/jordi/TradingLab/tlab/build/CMakeFiles/CMakeTmp/CheckSymbolExists.c
/home/jordi/TradingLab/tlab/build/CMakeFiles/CMakeTmp/CheckSymbolExists.c: In function ‘main’:
/home/jordi/TradingLab/tlab/build/CMakeFiles/CMakeTmp/CheckSymbolExists.c:8:19: error: ‘Q_WS_WIN’ undeclared (first use in this function)
   return ((int*)(&Q_WS_WIN))[argc];
                   ^
/home/jordi/TradingLab/tlab/build/CMakeFiles/CMakeTmp/CheckSymbolExists.c:8:19: note: each undeclared identifier is reported only once for each function it appears in
gmake[1]: *** [CMakeFiles/cmTryCompileExec382618372.dir/CheckSymbolExists.c.o] Error 1
gmake[1]: Leaving directory `/home/jordi/TradingLab/tlab/build/CMakeFiles/CMakeTmp'
gmake: *** [cmTryCompileExec382618372/fast] Error 2

File /home/jordi/TradingLab/tlab/build/CMakeFiles/CMakeTmp/CheckSymbolExists.c:
/* */
#include <QtCore/qglobal.h>

int main(int argc, char** argv)
{
  (void)argv;
#ifndef Q_WS_WIN
  return ((int*)(&Q_WS_WIN))[argc];
#else
  (void)argc;
  return 0;
#endif
}

Determining if the Q_WS_QWS exist failed with the following output:
Change Dir: /home/jordi/TradingLab/tlab/build/CMakeFiles/CMakeTmp

Run Build Command:/usr/bin/gmake "cmTryCompileExec1463995372/fast"
/usr/bin/gmake -f CMakeFiles/cmTryCompileExec1463995372.dir/build.make CMakeFiles/cmTryCompileExec1463995372.dir/build
gmake[1]: Entering directory `/home/jordi/TradingLab/tlab/build/CMakeFiles/CMakeTmp'
/usr/bin/cmake -E cmake_progress_report /home/jordi/TradingLab/tlab/build/CMakeFiles/CMakeTmp/CMakeFiles 1
Building C object CMakeFiles/cmTryCompileExec1463995372.dir/CheckSymbolExists.c.o
/usr/bin/cc    -o CMakeFiles/cmTryCompileExec1463995372.dir/CheckSymbolExists.c.o   -c /home/jordi/TradingLab/tlab/build/CMakeFiles/CMakeTmp/CheckSymbolExists.c
/home/jordi/TradingLab/tlab/build/CMakeFiles/CMakeTmp/CheckSymbolExists.c: In function ‘main’:
/home/jordi/TradingLab/tlab/build/CMakeFiles/CMakeTmp/CheckSymbolExists.c:8:19: error: ‘Q_WS_QWS’ undeclared (first use in this function)
   return ((int*)(&Q_WS_QWS))[argc];
                   ^
/home/jordi/TradingLab/tlab/build/CMakeFiles/CMakeTmp/CheckSymbolExists.c:8:19: note: each undeclared identifier is reported only once for each function it appears in
gmake[1]: *** [CMakeFiles/cmTryCompileExec1463995372.dir/CheckSymbolExists.c.o] Error 1
gmake[1]: Leaving directory `/home/jordi/TradingLab/tlab/build/CMakeFiles/CMakeTmp'
gmake: *** [cmTryCompileExec1463995372/fast] Error 2

File /home/jordi/TradingLab/tlab/build/CMakeFiles/CMakeTmp/CheckSymbolExists.c:
/* */
#include <QtCore/qglobal.h>

int main(int argc, char** argv)
{
  (void)argv;
#ifndef Q_WS_QWS
  return ((int*)(&Q_WS_QWS))[argc];
#else
  (void)argc;
  return 0;
#endif
}

Determining if the Q_WS_MAC exist failed with the following output:
Change Dir: /home/jordi/TradingLab/tlab/build/CMakeFiles/CMakeTmp

Run Build Command:/usr/bin/gmake "cmTryCompileExec571702832/fast"
/usr/bin/gmake -f CMakeFiles/cmTryCompileExec571702832.dir/build.make CMakeFiles/cmTryCompileExec571702832.dir/build
gmake[1]: Entering directory `/home/jordi/TradingLab/tlab/build/CMakeFiles/CMakeTmp'
/usr/bin/cmake -E cmake_progress_report /home/jordi/TradingLab/tlab/build/CMakeFiles/CMakeTmp/CMakeFiles 1
Building C object CMakeFiles/cmTryCompileExec571702832.dir/CheckSymbolExists.c.o
/usr/bin/cc    -o CMakeFiles/cmTryCompileExec571702832.dir/CheckSymbolExists.c.o   -c /home/jordi/TradingLab/tlab/build/CMakeFiles/CMakeTmp/CheckSymbolExists.c
/home/jordi/TradingLab/tlab/build/CMakeFiles/CMakeTmp/CheckSymbolExists.c: In function ‘main’:
/home/jordi/TradingLab/tlab/build/CMakeFiles/CMakeTmp/CheckSymbolExists.c:8:19: error: ‘Q_WS_MAC’ undeclared (first use in this function)
   return ((int*)(&Q_WS_MAC))[argc];
                   ^
/home/jordi/TradingLab/tlab/build/CMakeFiles/CMakeTmp/CheckSymbolExists.c:8:19: note: each undeclared identifier is reported only once for each function it appears in
gmake[1]: *** [CMakeFiles/cmTryCompileExec571702832.dir/CheckSymbolExists.c.o] Error 1
gmake[1]: Leaving directory `/home/jordi/TradingLab/tlab/build/CMakeFiles/CMakeTmp'
gmake: *** [cmTryCompileExec571702832/fast] Error 2

File /home/jordi/TradingLab/tlab/build/CMakeFiles/CMakeTmp/CheckSymbolExists.c:
/* */
#include <QtCore/qglobal.h>

int main(int argc, char** argv)
{
  (void)argv;
#ifndef Q_WS_MAC
  return ((int*)(&Q_WS_MAC))[argc];
#else
  (void)argc;
  return 0;
#endif
}

Determining if the pthread_create exist failed with the following output:
Change Dir: /home/jordi/TradingLab/tlab/build/CMakeFiles/CMakeTmp

Run Build Command:/usr/bin/gmake "cmTryCompileExec1305127141/fast"
/usr/bin/gmake -f CMakeFiles/cmTryCompileExec1305127141.dir/build.make CMakeFiles/cmTryCompileExec1305127141.dir/build
gmake[1]: Entering directory `/home/jordi/TradingLab/tlab/build/CMakeFiles/CMakeTmp'
/usr/bin/cmake -E cmake_progress_report /home/jordi/TradingLab/tlab/build/CMakeFiles/CMakeTmp/CMakeFiles 1
Building C object CMakeFiles/cmTryCompileExec1305127141.dir/CheckSymbolExists.c.o
/usr/bin/cc    -o CMakeFiles/cmTryCompileExec1305127141.dir/CheckSymbolExists.c.o   -c /home/jordi/TradingLab/tlab/build/CMakeFiles/CMakeTmp/CheckSymbolExists.c
Linking C executable cmTryCompileExec1305127141
/usr/bin/cmake -E cmake_link_script CMakeFiles/cmTryCompileExec1305127141.dir/link.txt --verbose=1
/usr/bin/cc         CMakeFiles/cmTryCompileExec1305127141.dir/CheckSymbolExists.c.o  -o cmTryCompileExec1305127141 -rdynamic 
CMakeFiles/cmTryCompileExec1305127141.dir/CheckSymbolExists.c.o: In function `main':
CheckSymbolExists.c:(.text+0x16): undefined reference to `pthread_create'
collect2: error: ld returned 1 exit status
gmake[1]: *** [cmTryCompileExec1305127141] Error 1
gmake[1]: Leaving directory `/home/jordi/TradingLab/tlab/build/CMakeFiles/CMakeTmp'
gmake: *** [cmTryCompileExec1305127141/fast] Error 2

File /home/jordi/TradingLab/tlab/build/CMakeFiles/CMakeTmp/CheckSymbolExists.c:
/* */
#include <pthread.h>

int main(int argc, char** argv)
{
  (void)argv;
#ifndef pthread_create
  return ((int*)(&pthread_create))[argc];
#else
  (void)argc;
  return 0;
#endif
}

Determining if the function pthread_create exists in the pthreads failed with the following output:
Change Dir: /home/jordi/TradingLab/tlab/build/CMakeFiles/CMakeTmp

Run Build Command:/usr/bin/gmake "cmTryCompileExec1753553287/fast"
/usr/bin/gmake -f CMakeFiles/cmTryCompileExec1753553287.dir/build.make CMakeFiles/cmTryCompileExec1753553287.dir/build
gmake[1]: Entering directory `/home/jordi/TradingLab/tlab/build/CMakeFiles/CMakeTmp'
/usr/bin/cmake -E cmake_progress_report /home/jordi/TradingLab/tlab/build/CMakeFiles/CMakeTmp/CMakeFiles 1
Building C object CMakeFiles/cmTryCompileExec1753553287.dir/CheckFunctionExists.c.o
/usr/bin/cc   -DCHECK_FUNCTION_EXISTS=pthread_create   -o CMakeFiles/cmTryCompileExec1753553287.dir/CheckFunctionExists.c.o   -c /usr/share/cmake/Modules/CheckFunctionExists.c
Linking C executable cmTryCompileExec1753553287
/usr/bin/cmake -E cmake_link_script CMakeFiles/cmTryCompileExec1753553287.dir/link.txt --verbose=1
/usr/bin/cc     -DCHECK_FUNCTION_EXISTS=pthread_create    CMakeFiles/cmTryCompileExec1753553287.dir/CheckFunctionExists.c.o  -o cmTryCompileExec1753553287 -rdynamic -lpthreads 
/usr/lib64/gcc/x86_64-suse-linux/4.8/../../../../x86_64-suse-linux/bin/ld: cannot find -lpthreads
collect2: error: ld returned 1 exit status
gmake[1]: *** [cmTryCompileExec1753553287] Error 1
gmake[1]: Leaving directory `/home/jordi/TradingLab/tlab/build/CMakeFiles/CMakeTmp'
gmake: *** [cmTryCompileExec1753553287/fast] Error 2


